{"numTotalTestSuites":26,"numPassedTestSuites":26,"numFailedTestSuites":0,"numPendingTestSuites":0,"numTotalTests":30,"numPassedTests":30,"numFailedTests":0,"numPendingTests":0,"numTodoTests":0,"snapshot":{"added":0,"failure":false,"filesAdded":0,"filesRemoved":0,"filesRemovedList":[],"filesUnmatched":0,"filesUpdated":0,"matched":0,"total":0,"unchecked":0,"uncheckedKeysByFile":[],"unmatched":0,"updated":0,"didUpdate":false},"startTime":1777370644791,"success":true,"testResults":[{"assertionResults":[{"ancestorTitles":["dto helpers"],"fullName":"dto helpers converts ids safely","status":"passed","title":"converts ids safely","duration":13.200200000002951,"failureMessages":[],"meta":{}},{"ancestorTitles":["document meta"],"fullName":"document meta composes and extracts meta in notes","status":"passed","title":"composes and extracts meta in notes","duration":1.6365000000005239,"failureMessages":[],"meta":{}},{"ancestorTitles":["proof attachments"],"fullName":"proof attachments supports legacy single image payload","status":"passed","title":"supports legacy single image payload","duration":1.6022999999986496,"failureMessages":[],"meta":{}},{"ancestorTitles":["proof attachments"],"fullName":"proof attachments round-trips multi-attachment payload","status":"passed","title":"round-trips multi-attachment payload","duration":1.6851000000024214,"failureMessages":[],"meta":{}},{"ancestorTitles":["schemas"],"fullName":"schemas validates business, item and party forms","status":"passed","title":"validates business, item and party forms","duration":82.59990000000107,"failureMessages":[],"meta":{}},{"ancestorTitles":["account ledger"],"fullName":"account ledger builds transactions and computes balance","status":"passed","title":"builds transactions and computes balance","duration":8.960800000000745,"failureMessages":[],"meta":{}},{"ancestorTitles":["ai snapshots"],"fullName":"ai snapshots generates dashboard and party snapshots","status":"passed","title":"generates dashboard and party snapshots","duration":28.86239999999816,"failureMessages":[],"meta":{}},{"ancestorTitles":["auth and storage sync"],"fullName":"auth and storage sync stores jwt and emits auth events","status":"passed","title":"stores jwt and emits auth events","duration":25.424400000003516,"failureMessages":[],"meta":{}},{"ancestorTitles":["auth and storage sync"],"fullName":"auth and storage sync notifies same-tab storage listeners","status":"passed","title":"notifies same-tab storage listeners","duration":10.131199999999808,"failureMessages":[],"meta":{}},{"ancestorTitles":["action password"],"fullName":"action password returns false for invalid setup flow","status":"passed","title":"returns false for invalid setup flow","duration":4.131199999999808,"failureMessages":[],"meta":{}},{"ancestorTitles":["api + share utilities"],"fullName":"api + share utilities creates share content and whatsapp url","status":"passed","title":"creates share content and whatsapp url","duration":3.9557999999997264,"failureMessages":[],"meta":{}},{"ancestorTitles":["api + share utilities"],"fullName":"api + share utilities copies share text using clipboard api","status":"passed","title":"copies share text using clipboard api","duration":4.794099999999162,"failureMessages":[],"meta":{}},{"ancestorTitles":["api + share utilities"],"fullName":"api + share utilities throws ApiError on failed api responses","status":"passed","title":"throws ApiError on failed api responses","duration":9.978500000001077,"failureMessages":[],"meta":{}}],"startTime":1777370674805,"endTime":1777370675006.9785,"status":"passed","message":"","name":"C:/Users/ram_vaddadi/OneDrive/Desktop/New folder/new repo/finanace/src/lib/app.unit.test.ts"},{"assertionResults":[{"ancestorTitles":["audit helpers"],"fullName":"audit helpers diffs records excluding ignored fields","status":"passed","title":"diffs records excluding ignored fields","duration":10.150100000000748,"failureMessages":[],"meta":{}},{"ancestorTitles":["audit helpers"],"fullName":"audit helpers logs create and edit actions","status":"passed","title":"logs create and edit actions","duration":11.852200000001176,"failureMessages":[],"meta":{}},{"ancestorTitles":["audit helpers"],"fullName":"audit helpers strips deleted field from snapshots","status":"passed","title":"strips deleted field from snapshots","duration":1.530400000001464,"failureMessages":[],"meta":{}}],"startTime":1777370688333,"endTime":1777370688356.5305,"status":"passed","message":"","name":"C:/Users/ram_vaddadi/OneDrive/Desktop/New folder/new repo/finanace/src/lib/audit.test.ts"},{"assertionResults":[{"ancestorTitles":["cloudinary upload helpers"],"fullName":"cloudinary upload helpers uploads image successfully","status":"passed","title":"uploads image successfully","duration":17.05959999999868,"failureMessages":[],"meta":{}},{"ancestorTitles":["cloudinary upload helpers"],"fullName":"cloudinary upload helpers throws with upload error message","status":"passed","title":"throws with upload error message","duration":10.69209999999839,"failureMessages":[],"meta":{}}],"startTime":1777370672402,"endTime":1777370672431.6921,"status":"passed","message":"","name":"C:/Users/ram_vaddadi/OneDrive/Desktop/New folder/new repo/finanace/src/lib/cloudinary.test.ts"},{"assertionResults":[{"ancestorTitles":["downloadCsv"],"fullName":"downloadCsv creates blob url and triggers anchor click","status":"passed","title":"creates blob url and triggers anchor click","duration":22.7458000000006,"failureMessages":[],"meta":{}}],"startTime":1777370677567,"endTime":1777370677589.7458,"status":"passed","message":"","name":"C:/Users/ram_vaddadi/OneDrive/Desktop/New folder/new repo/finanace/src/lib/reportExport.test.ts"},{"assertionResults":[{"ancestorTitles":["cn"],"fullName":"cn merges tailwind classes and removes conflicts","status":"passed","title":"merges tailwind classes and removes conflicts","duration":75.88040000000001,"failureMessages":[],"meta":{}}],"startTime":1777370659032,"endTime":1777370659107.8804,"status":"passed","message":"","name":"C:/Users/ram_vaddadi/OneDrive/Desktop/New folder/new repo/finanace/src/lib/utils.test.ts"},{"assertionResults":[{"ancestorTitles":["core type constants"],"fullName":"core type constants keeps account defaults and labels","status":"passed","title":"keeps account defaults and labels","duration":9.488400000000183,"failureMessages":[],"meta":{}},{"ancestorTitles":["core type constants"],"fullName":"core type constants keeps payment labels","status":"passed","title":"keeps payment labels","duration":1.5986999999986438,"failureMessages":[],"meta":{}},{"ancestorTitles":["core type constants"],"fullName":"core type constants keeps expense and notification defaults","status":"passed","title":"keeps expense and notification defaults","duration":6.758700000000317,"failureMessages":[],"meta":{}}],"startTime":1777370686685,"endTime":1777370686703.7588,"status":"passed","message":"","name":"C:/Users/ram_vaddadi/OneDrive/Desktop/New folder/new repo/finanace/src/types/coreTypes.test.ts"},{"assertionResults":[{"ancestorTitles":["invoice helpers"],"fullName":"invoice helpers computes payment status","status":"passed","title":"computes payment status","duration":8.743099999999686,"failureMessages":[],"meta":{}},{"ancestorTitles":["invoice helpers"],"fullName":"invoice helpers calculates line and invoice totals","status":"passed","title":"calculates line and invoice totals","duration":3.57129999999961,"failureMessages":[],"meta":{}},{"ancestorTitles":["invoice helpers"],"fullName":"invoice helpers generates next invoice number and editability","status":"passed","title":"generates next invoice number and editability","duration":3.512300000000323,"failureMessages":[],"meta":{}}],"startTime":1777370691262,"endTime":1777370691277.5122,"status":"passed","message":"","name":"C:/Users/ram_vaddadi/OneDrive/Desktop/New folder/new repo/finanace/src/types/invoice.test.ts"},{"assertionResults":[{"ancestorTitles":["purchase helpers"],"fullName":"purchase helpers generates next purchase number scoped by business","status":"passed","title":"generates next purchase number scoped by business","duration":7.065200000000914,"failureMessages":[],"meta":{}},{"ancestorTitles":["purchase helpers"],"fullName":"purchase helpers checks edit window and ledger id","status":"passed","title":"checks edit window and ledger id","duration":2.88340000000062,"failureMessages":[],"meta":{}}],"startTime":1777370697844,"endTime":1777370697853.8833,"status":"passed","message":"","name":"C:/Users/ram_vaddadi/OneDrive/Desktop/New folder/new repo/finanace/src/types/purchase.test.ts"},{"assertionResults":[{"ancestorTitles":["ui smoke tests"],"fullName":"ui smoke tests renders basic controls","status":"passed","title":"renders basic controls","duration":1072.6405999999988,"failureMessages":[],"meta":{}},{"ancestorTitles":["ui smoke tests"],"fullName":"ui smoke tests renders card, label, separator, skeleton and table","status":"passed","title":"renders card, label, separator, skeleton and table","duration":185.43249999999898,"failureMessages":[],"meta":{}}],"startTime":1777370662986,"endTime":1777370664244.4326,"status":"passed","message":"","name":"C:/Users/ram_vaddadi/OneDrive/Desktop/New folder/new repo/finanace/src/components/ui/uiSmoke.test.tsx"}]}